17:29.38.182 [main] INFO    Com.loggers.log4j2Demo This is an log massage
17:29.38.189 [main] INFO    Com.loggers.log4j2Demo This is an log massage
17:29.38.189 [main] INFO    Com.loggers.log4j2Demo This is an log massage
17:29.38.190 [main] INFO    Com.loggers.log4j2Demo This is an error massage
21:38.08.365 [main] DEBUG   org.apache.poi.openxml4j.opc.PackageRelationshipCollection Parsing relationship: /xl/_rels/workbook.xml.rels
21:38.08.376 [main] DEBUG   org.apache.poi.openxml4j.opc.PackageRelationshipCollection Parsing relationship: /xl/worksheets/_rels/sheet1.xml.rels
21:38.08.380 [main] DEBUG   org.apache.poi.openxml4j.opc.PackageRelationshipCollection Parsing relationship: /_rels/.rels
21:38.08.784 [main] TRACE   org.apache.xmlbeans.impl.common.XBeanDebug Loading type system org.apache.poi.schemas.ooxml.system.ooxml
21:38.08.791 [main] TRACE   org.apache.xmlbeans.impl.common.XBeanDebug Loading type system org.apache.xmlbeans.metadata.system.sXMLCONFIG
21:38.08.793 [main] TRACE   org.apache.xmlbeans.impl.common.XBeanDebug Loading type system org.apache.xmlbeans.metadata.system.sXMLLANG
21:38.08.795 [main] TRACE   org.apache.xmlbeans.impl.common.XBeanDebug Loading type system org.apache.xmlbeans.metadata.system.sXMLSCHEMA
21:38.08.796 [main] TRACE   org.apache.xmlbeans.impl.common.XBeanDebug Loading type system org.apache.xmlbeans.metadata.system.sXMLTOOLS
21:38.08.800 [main] TRACE   org.apache.xmlbeans.impl.common.XBeanDebug Reading unresolved handles for type system org.apache.xmlbeans.metadata.system.sXMLTOOLS
21:38.08.829 [main] TRACE   org.apache.xmlbeans.impl.common.XBeanDebug Finished loading type system org.apache.xmlbeans.metadata.system.sXMLTOOLS
21:38.08.832 [main] TRACE   org.apache.xmlbeans.impl.common.XBeanDebug Reading unresolved handles for type system org.apache.xmlbeans.metadata.system.sXMLSCHEMA
21:38.08.845 [main] TRACE   org.apache.xmlbeans.impl.common.XBeanDebug Finished loading type system org.apache.xmlbeans.metadata.system.sXMLSCHEMA
21:38.08.848 [main] TRACE   org.apache.xmlbeans.impl.common.XBeanDebug Reading unresolved handles for type system org.apache.xmlbeans.metadata.system.sXMLLANG
21:38.08.850 [main] TRACE   org.apache.xmlbeans.impl.common.XBeanDebug Finished loading type system org.apache.xmlbeans.metadata.system.sXMLLANG
21:38.08.852 [main] TRACE   org.apache.xmlbeans.impl.common.XBeanDebug Reading unresolved handles for type system org.apache.xmlbeans.metadata.system.sXMLCONFIG
21:38.08.855 [main] TRACE   org.apache.xmlbeans.impl.common.XBeanDebug Finished loading type system org.apache.xmlbeans.metadata.system.sXMLCONFIG
21:38.08.859 [main] TRACE   org.apache.xmlbeans.impl.common.XBeanDebug Reading unresolved handles for type system org.apache.poi.schemas.ooxml.system.ooxml
21:38.08.955 [main] TRACE   org.apache.xmlbeans.impl.common.XBeanDebug Finished loading type system org.apache.poi.schemas.ooxml.system.ooxml
21:38.08.956 [main] TRACE   org.apache.xmlbeans.impl.common.XBeanDebug Resolving type for handle themefd26doctype
21:38.09.071 [main] TRACE   org.apache.xmlbeans.impl.common.XBeanDebug Resolving type for handle stylesheet5d8bdoctype
21:38.09.081 [main] TRACE   org.apache.xmlbeans.impl.common.XBeanDebug Resolving type for handle ctstylesheet4257type
21:38.09.091 [main] TRACE   org.apache.xmlbeans.impl.common.XBeanDebug Resolving type for handle ctfonts6623type
21:38.09.097 [main] TRACE   org.apache.xmlbeans.impl.common.XBeanDebug Resolving type for handle ctfont14d8type
21:38.09.108 [main] TRACE   org.apache.xmlbeans.impl.common.XBeanDebug Resolving type for handle ctfills2c6ftype
21:38.09.113 [main] TRACE   org.apache.xmlbeans.impl.common.XBeanDebug Resolving type for handle ctfill550ctype
21:38.09.118 [main] TRACE   org.apache.xmlbeans.impl.common.XBeanDebug Resolving type for handle ctborders0d66type
21:38.09.124 [main] TRACE   org.apache.xmlbeans.impl.common.XBeanDebug Resolving type for handle ctborderf935type
21:38.09.129 [main] TRACE   org.apache.xmlbeans.impl.common.XBeanDebug Resolving type for handle ctcellxfs1322type
21:38.09.136 [main] TRACE   org.apache.xmlbeans.impl.common.XBeanDebug Resolving type for handle ctxf97f7type
21:38.09.141 [main] TRACE   org.apache.xmlbeans.impl.common.XBeanDebug Resolving type for handle ctcellstylexfsa81ftype
21:38.09.146 [main] TRACE   org.apache.xmlbeans.impl.common.XBeanDebug Resolving type for handle ctdxfsb26atype
21:38.09.153 [main] TRACE   org.apache.xmlbeans.impl.common.XBeanDebug Resolving type for handle cttablestyles872ftype
21:38.09.161 [main] TRACE   org.apache.xmlbeans.impl.common.XBeanDebug Resolving type for handle sstf81fdoctype
21:38.09.169 [main] TRACE   org.apache.xmlbeans.impl.common.XBeanDebug Resolving type for handle ctsst44f3type
21:38.09.196 [main] TRACE   org.apache.xmlbeans.impl.common.XBeanDebug Resolving type for handle ctrsta472type
21:38.09.237 [main] TRACE   org.apache.xmlbeans.impl.common.XBeanDebug Resolving type for handle workbookec17doctype
21:38.09.246 [main] TRACE   org.apache.xmlbeans.impl.common.XBeanDebug Resolving type for handle ctworkbook83c3type
21:38.09.267 [main] TRACE   org.apache.xmlbeans.impl.common.XBeanDebug Resolving type for handle ctsheets49fdtype
21:38.09.273 [main] TRACE   org.apache.xmlbeans.impl.common.XBeanDebug Resolving type for handle ctsheet4dbetype
21:38.09.278 [main] TRACE   org.apache.xmlbeans.impl.common.XBeanDebug Resolving type for handle strelationshipid1e94type
21:38.09.283 [main] TRACE   org.apache.xmlbeans.impl.common.XBeanDebug Resolving type for handle worksheetf539doctype
21:38.09.297 [main] TRACE   org.apache.xmlbeans.impl.common.XBeanDebug Resolving type for handle ctworksheet530dtype
21:38.09.314 [main] TRACE   org.apache.xmlbeans.impl.common.XBeanDebug Resolving type for handle ctcols627ctype
21:38.09.326 [main] TRACE   org.apache.xmlbeans.impl.common.XBeanDebug Resolving type for handle ctcola95ftype
21:38.09.356 [main] TRACE   org.apache.xmlbeans.impl.common.XBeanDebug Resolving type for handle ctsheetdata8408type
21:38.09.363 [main] TRACE   org.apache.xmlbeans.impl.common.XBeanDebug Resolving type for handle ctrowdd39type
21:38.09.371 [main] TRACE   org.apache.xmlbeans.impl.common.XBeanDebug Resolving type for handle ctcell842btype
21:38.09.387 [main] TRACE   org.apache.xmlbeans.impl.common.XBeanDebug Resolving type for handle stcellrefe4e0type
21:38.09.399 [main] TRACE   org.apache.xmlbeans.impl.common.XBeanDebug Resolving type for handle cthyperlinks6416type
21:38.09.405 [main] TRACE   org.apache.xmlbeans.impl.common.XBeanDebug Resolving type for handle cthyperlink0c85type
21:38.09.420 [main] TRACE   org.apache.xmlbeans.impl.common.XBeanDebug Resolving type for handle stxstringf179type
21:38.28.942 [main] INFO    Com.DataDriven.Foodmandu chrome browser has been lunch
21:38.37.322 [main] INFO    Com.DataDriven.Foodmandu lofin page has been opened
21:38.39.368 [main] TRACE   org.apache.xmlbeans.impl.common.XBeanDebug Resolving type for handle stcelltypebf95type
21:38.39.679 [main] INFO    Com.DataDriven.Foodmandu Email has been opened
21:38.41.922 [main] INFO    Com.DataDriven.Foodmandu password accessed
21:38.45.129 [main] INFO    Com.DataDriven.Foodmandu submit buttom opened
21:38.50.648 [main] INFO    Com.DataDriven.Foodmandu chrome browser has been lunch
21:39.05.428 [main] INFO    Com.DataDriven.Foodmandu lofin page has been opened
21:39.07.820 [main] INFO    Com.DataDriven.Foodmandu Email has been opened
21:39.10.237 [main] INFO    Com.DataDriven.Foodmandu password accessed
21:39.13.874 [main] INFO    Com.DataDriven.Foodmandu submit buttom opened
21:39.19.686 [main] INFO    Com.DataDriven.Foodmandu chrome browser has been lunch
21:39.27.268 [main] INFO    Com.DataDriven.Foodmandu lofin page has been opened
21:39.29.680 [main] INFO    Com.DataDriven.Foodmandu Email has been opened
21:39.31.868 [main] INFO    Com.DataDriven.Foodmandu password accessed
21:39.35.129 [main] INFO    Com.DataDriven.Foodmandu submit buttom opened
21:39.40.303 [main] INFO    Com.DataDriven.Foodmandu chrome browser has been lunch
21:39.48.226 [main] INFO    Com.DataDriven.Foodmandu lofin page has been opened
21:39.50.506 [main] INFO    Com.DataDriven.Foodmandu Email has been opened
21:39.52.666 [main] INFO    Com.DataDriven.Foodmandu password accessed
21:39.55.155 [main] INFO    Com.DataDriven.Foodmandu submit buttom opened
17:35.37.832 [main] DEBUG   org.apache.poi.openxml4j.opc.PackageRelationshipCollection Parsing relationship: /xl/_rels/workbook.xml.rels
17:35.37.907 [main] DEBUG   org.apache.poi.openxml4j.opc.PackageRelationshipCollection Parsing relationship: /xl/worksheets/_rels/sheet1.xml.rels
17:35.37.912 [main] DEBUG   org.apache.poi.openxml4j.opc.PackageRelationshipCollection Parsing relationship: /_rels/.rels
17:35.38.401 [main] TRACE   org.apache.xmlbeans.impl.common.XBeanDebug Loading type system org.apache.poi.schemas.ooxml.system.ooxml
17:35.38.407 [main] TRACE   org.apache.xmlbeans.impl.common.XBeanDebug Loading type system org.apache.xmlbeans.metadata.system.sXMLCONFIG
17:35.38.409 [main] TRACE   org.apache.xmlbeans.impl.common.XBeanDebug Loading type system org.apache.xmlbeans.metadata.system.sXMLLANG
17:35.38.410 [main] TRACE   org.apache.xmlbeans.impl.common.XBeanDebug Loading type system org.apache.xmlbeans.metadata.system.sXMLSCHEMA
17:35.38.411 [main] TRACE   org.apache.xmlbeans.impl.common.XBeanDebug Loading type system org.apache.xmlbeans.metadata.system.sXMLTOOLS
17:35.38.415 [main] TRACE   org.apache.xmlbeans.impl.common.XBeanDebug Reading unresolved handles for type system org.apache.xmlbeans.metadata.system.sXMLTOOLS
17:35.38.445 [main] TRACE   org.apache.xmlbeans.impl.common.XBeanDebug Finished loading type system org.apache.xmlbeans.metadata.system.sXMLTOOLS
17:35.38.449 [main] TRACE   org.apache.xmlbeans.impl.common.XBeanDebug Reading unresolved handles for type system org.apache.xmlbeans.metadata.system.sXMLSCHEMA
17:35.38.472 [main] TRACE   org.apache.xmlbeans.impl.common.XBeanDebug Finished loading type system org.apache.xmlbeans.metadata.system.sXMLSCHEMA
17:35.38.475 [main] TRACE   org.apache.xmlbeans.impl.common.XBeanDebug Reading unresolved handles for type system org.apache.xmlbeans.metadata.system.sXMLLANG
17:35.38.478 [main] TRACE   org.apache.xmlbeans.impl.common.XBeanDebug Finished loading type system org.apache.xmlbeans.metadata.system.sXMLLANG
17:35.38.481 [main] TRACE   org.apache.xmlbeans.impl.common.XBeanDebug Reading unresolved handles for type system org.apache.xmlbeans.metadata.system.sXMLCONFIG
17:35.38.484 [main] TRACE   org.apache.xmlbeans.impl.common.XBeanDebug Finished loading type system org.apache.xmlbeans.metadata.system.sXMLCONFIG
17:35.38.487 [main] TRACE   org.apache.xmlbeans.impl.common.XBeanDebug Reading unresolved handles for type system org.apache.poi.schemas.ooxml.system.ooxml
17:35.38.665 [main] TRACE   org.apache.xmlbeans.impl.common.XBeanDebug Finished loading type system org.apache.poi.schemas.ooxml.system.ooxml
17:35.38.668 [main] TRACE   org.apache.xmlbeans.impl.common.XBeanDebug Resolving type for handle themefd26doctype
17:35.38.802 [main] TRACE   org.apache.xmlbeans.impl.common.XBeanDebug Resolving type for handle stylesheet5d8bdoctype
17:35.38.811 [main] TRACE   org.apache.xmlbeans.impl.common.XBeanDebug Resolving type for handle ctstylesheet4257type
17:35.38.819 [main] TRACE   org.apache.xmlbeans.impl.common.XBeanDebug Resolving type for handle ctfonts6623type
17:35.38.826 [main] TRACE   org.apache.xmlbeans.impl.common.XBeanDebug Resolving type for handle ctfont14d8type
17:35.38.837 [main] TRACE   org.apache.xmlbeans.impl.common.XBeanDebug Resolving type for handle ctfills2c6ftype
17:35.38.842 [main] TRACE   org.apache.xmlbeans.impl.common.XBeanDebug Resolving type for handle ctfill550ctype
17:35.38.845 [main] TRACE   org.apache.xmlbeans.impl.common.XBeanDebug Resolving type for handle ctborders0d66type
17:35.38.850 [main] TRACE   org.apache.xmlbeans.impl.common.XBeanDebug Resolving type for handle ctborderf935type
17:35.38.856 [main] TRACE   org.apache.xmlbeans.impl.common.XBeanDebug Resolving type for handle ctcellxfs1322type
17:35.38.863 [main] TRACE   org.apache.xmlbeans.impl.common.XBeanDebug Resolving type for handle ctxf97f7type
17:35.38.868 [main] TRACE   org.apache.xmlbeans.impl.common.XBeanDebug Resolving type for handle ctcellstylexfsa81ftype
17:35.38.872 [main] TRACE   org.apache.xmlbeans.impl.common.XBeanDebug Resolving type for handle ctdxfsb26atype
17:35.38.878 [main] TRACE   org.apache.xmlbeans.impl.common.XBeanDebug Resolving type for handle cttablestyles872ftype
17:35.38.884 [main] TRACE   org.apache.xmlbeans.impl.common.XBeanDebug Resolving type for handle sstf81fdoctype
17:35.38.894 [main] TRACE   org.apache.xmlbeans.impl.common.XBeanDebug Resolving type for handle ctsst44f3type
17:35.38.914 [main] TRACE   org.apache.xmlbeans.impl.common.XBeanDebug Resolving type for handle ctrsta472type
17:35.38.948 [main] TRACE   org.apache.xmlbeans.impl.common.XBeanDebug Resolving type for handle workbookec17doctype
17:35.38.957 [main] TRACE   org.apache.xmlbeans.impl.common.XBeanDebug Resolving type for handle ctworkbook83c3type
17:35.38.984 [main] TRACE   org.apache.xmlbeans.impl.common.XBeanDebug Resolving type for handle ctsheets49fdtype
17:35.38.989 [main] TRACE   org.apache.xmlbeans.impl.common.XBeanDebug Resolving type for handle ctsheet4dbetype
17:35.38.993 [main] TRACE   org.apache.xmlbeans.impl.common.XBeanDebug Resolving type for handle strelationshipid1e94type
17:35.38.998 [main] TRACE   org.apache.xmlbeans.impl.common.XBeanDebug Resolving type for handle worksheetf539doctype
17:35.39.009 [main] TRACE   org.apache.xmlbeans.impl.common.XBeanDebug Resolving type for handle ctworksheet530dtype
17:35.39.027 [main] TRACE   org.apache.xmlbeans.impl.common.XBeanDebug Resolving type for handle ctcols627ctype
17:35.39.037 [main] TRACE   org.apache.xmlbeans.impl.common.XBeanDebug Resolving type for handle ctcola95ftype
17:35.39.072 [main] TRACE   org.apache.xmlbeans.impl.common.XBeanDebug Resolving type for handle ctsheetdata8408type
17:35.39.079 [main] TRACE   org.apache.xmlbeans.impl.common.XBeanDebug Resolving type for handle ctrowdd39type
17:35.39.088 [main] TRACE   org.apache.xmlbeans.impl.common.XBeanDebug Resolving type for handle ctcell842btype
17:35.39.101 [main] TRACE   org.apache.xmlbeans.impl.common.XBeanDebug Resolving type for handle stcellrefe4e0type
17:35.39.117 [main] TRACE   org.apache.xmlbeans.impl.common.XBeanDebug Resolving type for handle cthyperlinks6416type
17:35.39.124 [main] TRACE   org.apache.xmlbeans.impl.common.XBeanDebug Resolving type for handle cthyperlink0c85type
17:35.39.136 [main] TRACE   org.apache.xmlbeans.impl.common.XBeanDebug Resolving type for handle stxstringf179type
17:35.45.418 [main] INFO    Com.DataDriven.Foodmandu chrome browser has been lunch
17:35.51.032 [main] INFO    Com.DataDriven.Foodmandu lofin page has been opened
17:35.53.081 [main] TRACE   org.apache.xmlbeans.impl.common.XBeanDebug Resolving type for handle stcelltypebf95type
17:35.53.324 [main] INFO    Com.DataDriven.Foodmandu Email has been opened
17:35.55.520 [main] INFO    Com.DataDriven.Foodmandu password accessed
17:35.58.973 [main] INFO    Com.DataDriven.Foodmandu submit buttom opened
17:36.01.469 [main] INFO    Com.DataDriven.Foodmandu work done
17:36.04.557 [main] INFO    Com.DataDriven.Foodmandu chrome browser has been lunch
17:36.11.353 [main] INFO    Com.DataDriven.Foodmandu lofin page has been opened
